This is pdfTeX, Version 3.14159265-2.6-1.40.16 (TeX Live 2015) (preloaded format=pdflatex 2015.5.24)  2 MAR 2016 11:15
entering extended mode
 restricted \write18 enabled.
 file:line:error style messages enabled.
 %&-line parsing enabled.
**proj3.tex
(./proj3.tex
LaTeX2e <2015/01/01>
Babel <3.9l> and hyphenation patterns for 79 languages loaded.
(/usr/local/texlive/2015/texmf-dist/tex/latex/base/article.cls
Document Class: article 2014/09/29 v1.4h Standard LaTeX document class
(/usr/local/texlive/2015/texmf-dist/tex/latex/base/size11.clo
File: size11.clo 2014/09/29 v1.4h Standard LaTeX file (size option)
)
\c@part=\count79
\c@section=\count80
\c@subsection=\count81
\c@subsubsection=\count82
\c@paragraph=\count83
\c@subparagraph=\count84
\c@figure=\count85
\c@table=\count86
\abovecaptionskip=\skip41
\belowcaptionskip=\skip42
\bibindent=\dimen102
)
(/usr/local/texlive/2015/texmf-dist/tex/latex/geometry/geometry.sty
Package: geometry 2010/09/12 v5.6 Page Geometry

(/usr/local/texlive/2015/texmf-dist/tex/latex/graphics/keyval.sty
Package: keyval 2014/10/28 v1.15 key=value parser (DPC)
\KV@toks@=\toks14
)
(/usr/local/texlive/2015/texmf-dist/tex/generic/oberdiek/ifpdf.sty
Package: ifpdf 2011/01/30 v2.3 Provides the ifpdf switch (HO)
Package ifpdf Info: pdfTeX in PDF mode is detected.
)
(/usr/local/texlive/2015/texmf-dist/tex/generic/oberdiek/ifvtex.sty
Package: ifvtex 2010/03/01 v1.5 Detect VTeX and its facilities (HO)
Package ifvtex Info: VTeX not detected.
)
(/usr/local/texlive/2015/texmf-dist/tex/generic/ifxetex/ifxetex.sty
Package: ifxetex 2010/09/12 v0.6 Provides ifxetex conditional
)
\Gm@cnth=\count87
\Gm@cntv=\count88
\c@Gm@tempcnt=\count89
\Gm@bindingoffset=\dimen103
\Gm@wd@mp=\dimen104
\Gm@odd@mp=\dimen105
\Gm@even@mp=\dimen106
\Gm@layoutwidth=\dimen107
\Gm@layoutheight=\dimen108
\Gm@layouthoffset=\dimen109
\Gm@layoutvoffset=\dimen110
\Gm@dimlist=\toks15
)
(/usr/local/texlive/2015/texmf-dist/tex/latex/graphics/graphicx.sty
Package: graphicx 2014/10/28 v1.0g Enhanced LaTeX Graphics (DPC,SPQR)

(/usr/local/texlive/2015/texmf-dist/tex/latex/graphics/graphics.sty
Package: graphics 2014/10/28 v1.0p Standard LaTeX Graphics (DPC,SPQR)

(/usr/local/texlive/2015/texmf-dist/tex/latex/graphics/trig.sty
Package: trig 1999/03/16 v1.09 sin cos tan (DPC)
)
(/usr/local/texlive/2015/texmf-dist/tex/latex/latexconfig/graphics.cfg
File: graphics.cfg 2010/04/23 v1.9 graphics configuration of TeX Live
)
Package graphics Info: Driver file: pdftex.def on input line 94.

(/usr/local/texlive/2015/texmf-dist/tex/latex/pdftex-def/pdftex.def
File: pdftex.def 2011/05/27 v0.06d Graphics/color for pdfTeX

(/usr/local/texlive/2015/texmf-dist/tex/generic/oberdiek/infwarerr.sty
Package: infwarerr 2010/04/08 v1.3 Providing info/warning/error messages (HO)
)
(/usr/local/texlive/2015/texmf-dist/tex/generic/oberdiek/ltxcmds.sty
Package: ltxcmds 2011/11/09 v1.22 LaTeX kernel commands for general use (HO)
)
\Gread@gobject=\count90
))
\Gin@req@height=\dimen111
\Gin@req@width=\dimen112
)
(/usr/local/texlive/2015/texmf-dist/tex/latex/amsfonts/amssymb.sty
Package: amssymb 2013/01/14 v3.01 AMS font symbols

(/usr/local/texlive/2015/texmf-dist/tex/latex/amsfonts/amsfonts.sty
Package: amsfonts 2013/01/14 v3.01 Basic AMSFonts support
\@emptytoks=\toks16
\symAMSa=\mathgroup4
\symAMSb=\mathgroup5
LaTeX Font Info:    Overwriting math alphabet `\mathfrak' in version `bold'
(Font)                  U/euf/m/n --> U/euf/b/n on input line 106.
))
(/usr/local/texlive/2015/texmf-dist/tex/latex/amsmath/amsmath.sty
Package: amsmath 2013/01/14 v2.14 AMS math features
\@mathmargin=\skip43

For additional information on amsmath, use the `?' option.
(/usr/local/texlive/2015/texmf-dist/tex/latex/amsmath/amstext.sty
Package: amstext 2000/06/29 v2.01

(/usr/local/texlive/2015/texmf-dist/tex/latex/amsmath/amsgen.sty
File: amsgen.sty 1999/11/30 v2.0
\@emptytoks=\toks17
\ex@=\dimen113
))
(/usr/local/texlive/2015/texmf-dist/tex/latex/amsmath/amsbsy.sty
Package: amsbsy 1999/11/29 v1.2d
\pmbraise@=\dimen114
)
(/usr/local/texlive/2015/texmf-dist/tex/latex/amsmath/amsopn.sty
Package: amsopn 1999/12/14 v2.01 operator names
)
\inf@bad=\count91
LaTeX Info: Redefining \frac on input line 210.
\uproot@=\count92
\leftroot@=\count93
LaTeX Info: Redefining \overline on input line 306.
\classnum@=\count94
\DOTSCASE@=\count95
LaTeX Info: Redefining \ldots on input line 378.
LaTeX Info: Redefining \dots on input line 381.
LaTeX Info: Redefining \cdots on input line 466.
\Mathstrutbox@=\box26
\strutbox@=\box27
\big@size=\dimen115
LaTeX Font Info:    Redeclaring font encoding OML on input line 566.
LaTeX Font Info:    Redeclaring font encoding OMS on input line 567.
\macc@depth=\count96
\c@MaxMatrixCols=\count97
\dotsspace@=\muskip10
\c@parentequation=\count98
\dspbrk@lvl=\count99
\tag@help=\toks18
\row@=\count100
\column@=\count101
\maxfields@=\count102
\andhelp@=\toks19
\eqnshift@=\dimen116
\alignsep@=\dimen117
\tagshift@=\dimen118
\tagwidth@=\dimen119
\totwidth@=\dimen120
\lineht@=\dimen121
\@envbody=\toks20
\multlinegap=\skip44
\multlinetaggap=\skip45
\mathdisplay@stack=\toks21
LaTeX Info: Redefining \[ on input line 2665.
LaTeX Info: Redefining \] on input line 2666.
)
(/usr/local/texlive/2015/texmf-dist/tex/latex/enumitem/enumitem.sty
Package: enumitem 2011/09/28 v3.5.2 Customized lists
\labelindent=\skip46
\enit@outerparindent=\dimen122
\enit@toks=\toks22
\enit@inbox=\box28
\enitdp@description=\count103
)
(/usr/local/texlive/2015/texmf-dist/tex/latex/caption/caption.sty
Package: caption 2013/05/02 v3.3-89 Customizing captions (AR)

(/usr/local/texlive/2015/texmf-dist/tex/latex/caption/caption3.sty
Package: caption3 2013/05/02 v1.6-88 caption3 kernel (AR)
Package caption3 Info: TeX engine: e-TeX on input line 57.
\captionmargin=\dimen123
\captionmargin@=\dimen124
\captionwidth=\dimen125
\caption@tempdima=\dimen126
\caption@indent=\dimen127
\caption@parindent=\dimen128
\caption@hangindent=\dimen129
)
\c@ContinuedFloat=\count104
)
(/usr/local/texlive/2015/texmf-dist/tex/latex/caption/subcaption.sty
Package: subcaption 2013/02/03 v1.1-62 Sub-captions (AR)
\c@subfigure=\count105
\c@subtable=\count106
)
(/usr/local/texlive/2015/texmf-dist/tex/latex/multirow/multirow.sty
\bigstrutjot=\dimen130
)
(/usr/local/texlive/2015/texmf-dist/tex/latex/tools/array.sty
Package: array 2014/10/28 v2.4c Tabular extension package (FMi)
\col@sep=\dimen131
\extrarowheight=\dimen132
\NC@list=\toks23
\extratabsurround=\skip47
\backup@length=\skip48
)
(/usr/local/texlive/2015/texmf-dist/tex/latex/float/float.sty
Package: float 2001/11/08 v1.3d Float enhancements (AL)
\c@float@type=\count107
\float@exts=\toks24
\float@box=\box29
\@float@everytoks=\toks25
\@floatcapt=\box30
) (./proj3.aux)
\openout1 = `proj3.aux'.

LaTeX Font Info:    Checking defaults for OML/cmm/m/it on input line 27.
LaTeX Font Info:    ... okay on input line 27.
LaTeX Font Info:    Checking defaults for T1/cmr/m/n on input line 27.
LaTeX Font Info:    ... okay on input line 27.
LaTeX Font Info:    Checking defaults for OT1/cmr/m/n on input line 27.
LaTeX Font Info:    ... okay on input line 27.
LaTeX Font Info:    Checking defaults for OMS/cmsy/m/n on input line 27.
LaTeX Font Info:    ... okay on input line 27.
LaTeX Font Info:    Checking defaults for OMX/cmex/m/n on input line 27.
LaTeX Font Info:    ... okay on input line 27.
LaTeX Font Info:    Checking defaults for U/cmr/m/n on input line 27.
LaTeX Font Info:    ... okay on input line 27.

*geometry* driver: auto-detecting
*geometry* detected driver: pdftex
*geometry* verbose mode - [ preamble ] result:
* driver: pdftex
* paper: letterpaper
* layout: <same size as paper>
* layoutoffset:(h,v)=(0.0pt,0.0pt)
* modes: 
* h-part:(L,W,R)=(92.14519pt, 430.00462pt, 92.14519pt)
* v-part:(T,H,B)=(95.39737pt, 556.47656pt, 143.09605pt)
* \paperwidth=614.295pt
* \paperheight=794.96999pt
* \textwidth=430.00462pt
* \textheight=556.47656pt
* \oddsidemargin=19.8752pt
* \evensidemargin=19.8752pt
* \topmargin=-13.87262pt
* \headheight=12.0pt
* \headsep=25.0pt
* \topskip=11.0pt
* \footskip=30.0pt
* \marginparwidth=59.0pt
* \marginparsep=10.0pt
* \columnsep=10.0pt
* \skip\footins=10.0pt plus 4.0pt minus 2.0pt
* \hoffset=0.0pt
* \voffset=0.0pt
* \mag=1000
* \@twocolumnfalse
* \@twosidefalse
* \@mparswitchfalse
* \@reversemarginfalse
* (1in=72.27pt=25.4mm, 1cm=28.453pt)

(/usr/local/texlive/2015/texmf-dist/tex/context/base/supp-pdf.mkii
[Loading MPS to PDF converter (version 2006.09.02).]
\scratchcounter=\count108
\scratchdimen=\dimen133
\scratchbox=\box31
\nofMPsegments=\count109
\nofMParguments=\count110
\everyMPshowfont=\toks26
\MPscratchCnt=\count111
\MPscratchDim=\dimen134
\MPnumerator=\count112
\makeMPintoPDFobject=\count113
\everyMPtoPDFconversion=\toks27
) (/usr/local/texlive/2015/texmf-dist/tex/generic/oberdiek/pdftexcmds.sty
Package: pdftexcmds 2011/11/29 v0.20 Utility functions of pdfTeX for LuaTeX (HO
)

(/usr/local/texlive/2015/texmf-dist/tex/generic/oberdiek/ifluatex.sty
Package: ifluatex 2010/03/01 v1.3 Provides the ifluatex switch (HO)
Package ifluatex Info: LuaTeX not detected.
)
Package pdftexcmds Info: LuaTeX not detected.
Package pdftexcmds Info: \pdf@primitive is available.
Package pdftexcmds Info: \pdf@ifprimitive is available.
Package pdftexcmds Info: \pdfdraftmode found.
)
(/usr/local/texlive/2015/texmf-dist/tex/latex/oberdiek/epstopdf-base.sty
Package: epstopdf-base 2010/02/09 v2.5 Base part for package epstopdf

(/usr/local/texlive/2015/texmf-dist/tex/latex/oberdiek/grfext.sty
Package: grfext 2010/08/19 v1.1 Manage graphics extensions (HO)

(/usr/local/texlive/2015/texmf-dist/tex/generic/oberdiek/kvdefinekeys.sty
Package: kvdefinekeys 2011/04/07 v1.3 Define keys (HO)
))
(/usr/local/texlive/2015/texmf-dist/tex/latex/oberdiek/kvoptions.sty
Package: kvoptions 2011/06/30 v3.11 Key value format for package options (HO)

(/usr/local/texlive/2015/texmf-dist/tex/generic/oberdiek/kvsetkeys.sty
Package: kvsetkeys 2012/04/25 v1.16 Key value parser (HO)

(/usr/local/texlive/2015/texmf-dist/tex/generic/oberdiek/etexcmds.sty
Package: etexcmds 2011/02/16 v1.5 Avoid name clashes with e-TeX commands (HO)
Package etexcmds Info: Could not find \expanded.
(etexcmds)             That can mean that you are not using pdfTeX 1.50 or
(etexcmds)             that some package has redefined \expanded.
(etexcmds)             In the latter case, load this package earlier.
)))
Package grfext Info: Graphics extension search list:
(grfext)             [.png,.pdf,.jpg,.mps,.jpeg,.jbig2,.jb2,.PNG,.PDF,.JPG,.JPE
G,.JBIG2,.JB2,.eps]
(grfext)             \AppendGraphicsExtensions on input line 452.

(/usr/local/texlive/2015/texmf-dist/tex/latex/latexconfig/epstopdf-sys.cfg
File: epstopdf-sys.cfg 2010/07/13 v1.3 Configuration of (r)epstopdf for TeX Liv
e
))
Package caption Info: Begin \AtBeginDocument code.
Package caption Info: float package is loaded.
Package caption Info: End \AtBeginDocument code.
LaTeX Font Info:    Try loading font information for U+msa on input line 28.

(/usr/local/texlive/2015/texmf-dist/tex/latex/amsfonts/umsa.fd
File: umsa.fd 2013/01/14 v3.01 AMS symbols A
)
LaTeX Font Info:    Try loading font information for U+msb on input line 28.

(/usr/local/texlive/2015/texmf-dist/tex/latex/amsfonts/umsb.fd
File: umsb.fd 2013/01/14 v3.01 AMS symbols B
)
<filters.png, id=1, 1284.8pt x 751.80875pt>
File: filters.png Graphic file (type png)
 <use filters.png>
Package pdftex.def Info: filters.png used on input line 34.
(pdftex.def)             Requested size: 344.005pt x 201.29326pt.
 [1

{/usr/local/texlive/2015/texmf-var/fonts/map/pdftex/updmap/pdftex.map} <./filte
rs.png>]
<fur.png, id=12, 1445.4pt x 1011.78pt>
File: fur.png Graphic file (type png)
 <use fur.png>
Package pdftex.def Info: fur.png used on input line 47.
(pdftex.def)             Requested size: 387.00153pt x 270.89935pt.

<fur0.png, id=13, 256.96pt x 256.96pt>
File: fur0.png Graphic file (type png)
 <use fur0.png>
Package pdftex.def Info: fur0.png used on input line 55.
(pdftex.def)             Requested size: 129.00269pt x 129.00508pt.

<fur1.png, id=14, 256.96pt x 256.96pt>
File: fur1.png Graphic file (type png)
 <use fur1.png>
Package pdftex.def Info: fur1.png used on input line 60.
(pdftex.def)             Requested size: 129.00269pt x 129.00508pt.

<fur3.png, id=15, 256.96pt x 256.96pt>
File: fur3.png Graphic file (type png)
 <use fur3.png>
Package pdftex.def Info: fur3.png used on input line 65.
(pdftex.def)             Requested size: 129.00269pt x 129.00508pt.

<fur6.png, id=16, 256.96pt x 256.96pt>
File: fur6.png Graphic file (type png)
 <use fur6.png>
Package pdftex.def Info: fur6.png used on input line 71.
(pdftex.def)             Requested size: 129.00269pt x 129.00508pt.

<fur12.png, id=17, 256.96pt x 256.96pt>
File: fur12.png Graphic file (type png)
 <use fur12.png>
Package pdftex.def Info: fur12.png used on input line 76.
(pdftex.def)             Requested size: 129.00269pt x 129.00508pt.

<fur24.png, id=18, 256.96pt x 256.96pt>
File: fur24.png Graphic file (type png)
 <use fur24.png>
Package pdftex.def Info: fur24.png used on input line 81.
(pdftex.def)             Requested size: 129.00269pt x 129.00508pt.
 [2 <./fur.png (PNG copy)>] <stucco.png, id=22, 1445.4pt x 1011.78pt>
File: stucco.png Graphic file (type png)
 <use stucco.png>
Package pdftex.def Info: stucco.png used on input line 93.
(pdftex.def)             Requested size: 387.00153pt x 270.89935pt.
 [3 <./fur0.png> <./fur1.png> <./fur3.png> <./fur6.png> <./fur12.png> <./fur24.
png>]
<stucco0.png, id=32, 256.96pt x 256.96pt>
File: stucco0.png Graphic file (type png)
 <use stucco0.png>
Package pdftex.def Info: stucco0.png used on input line 101.
(pdftex.def)             Requested size: 129.00269pt x 129.00508pt.

<stucco1.png, id=33, 256.96pt x 256.96pt>
File: stucco1.png Graphic file (type png)
 <use stucco1.png>
Package pdftex.def Info: stucco1.png used on input line 106.
(pdftex.def)             Requested size: 129.00269pt x 129.00508pt.

<stucco3.png, id=34, 256.96pt x 256.96pt>
File: stucco3.png Graphic file (type png)
 <use stucco3.png>
Package pdftex.def Info: stucco3.png used on input line 111.
(pdftex.def)             Requested size: 129.00269pt x 129.00508pt.

<stucco6.png, id=35, 256.96pt x 256.96pt>
File: stucco6.png Graphic file (type png)
 <use stucco6.png>
Package pdftex.def Info: stucco6.png used on input line 117.
(pdftex.def)             Requested size: 129.00269pt x 129.00508pt.

<stucco12.png, id=36, 256.96pt x 256.96pt>
File: stucco12.png Graphic file (type png)
 <use stucco12.png>
Package pdftex.def Info: stucco12.png used on input line 122.
(pdftex.def)             Requested size: 129.00269pt x 129.00508pt.

<stucco24.png, id=37, 256.96pt x 256.96pt>
File: stucco24.png Graphic file (type png)
 <use stucco24.png>
Package pdftex.def Info: stucco24.png used on input line 127.
(pdftex.def)             Requested size: 129.00269pt x 129.00508pt.
 [4 <./stucco.png (PNG copy)>] <grass.png, id=41, 1445.4pt x 1011.78pt>
File: grass.png Graphic file (type png)
 <use grass.png>
Package pdftex.def Info: grass.png used on input line 139.
(pdftex.def)             Requested size: 387.00153pt x 270.89935pt.
 [5 <./stucco0.png> <./stucco1.png> <./stucco3.png> <./stucco6.png> <./stucco12
.png> <./stucco24.png>] <grass0.png, id=51, 256.96pt x 256.96pt>
File: grass0.png Graphic file (type png)
 <use grass0.png>
Package pdftex.def Info: grass0.png used on input line 147.
(pdftex.def)             Requested size: 129.00269pt x 129.00508pt.

<grass1.png, id=52, 256.96pt x 256.96pt>
File: grass1.png Graphic file (type png)
 <use grass1.png>
Package pdftex.def Info: grass1.png used on input line 152.
(pdftex.def)             Requested size: 129.00269pt x 129.00508pt.

<grass3.png, id=53, 256.96pt x 256.96pt>
File: grass3.png Graphic file (type png)
 <use grass3.png>
Package pdftex.def Info: grass3.png used on input line 157.
(pdftex.def)             Requested size: 129.00269pt x 129.00508pt.

<grass6.png, id=54, 256.96pt x 256.96pt>
File: grass6.png Graphic file (type png)
 <use grass6.png>
Package pdftex.def Info: grass6.png used on input line 163.
(pdftex.def)             Requested size: 129.00269pt x 129.00508pt.

<grass12.png, id=55, 256.96pt x 256.96pt>
File: grass12.png Graphic file (type png)
 <use grass12.png>
Package pdftex.def Info: grass12.png used on input line 168.
(pdftex.def)             Requested size: 129.00269pt x 129.00508pt.

<grass24.png, id=56, 256.96pt x 256.96pt>
File: grass24.png Graphic file (type png)
 <use grass24.png>
Package pdftex.def Info: grass24.png used on input line 173.
(pdftex.def)             Requested size: 129.00269pt x 129.00508pt.
 [6 <./grass.png (PNG copy)>] [7 <./grass0.png> <./grass1.png> <./grass3.png> <
./grass6.png> <./grass12.png> <./grass24.png>] (./proj3.aux) ) 
Here is how much of TeX's memory you used:
 4477 strings out of 493089
 66491 string characters out of 6134842
 135305 words of memory out of 5000000
 7884 multiletter control sequences out of 15000+600000
 11044 words of font info for 42 fonts, out of 8000000 for 9000
 1141 hyphenation exceptions out of 8191
 38i,7n,38p,558b,437s stack positions out of 5000i,500n,10000p,200000b,80000s
</usr/local/texli
ve/2015/texmf-dist/fonts/type1/public/amsfonts/cm/cmbx12.pfb></usr/local/texliv
e/2015/texmf-dist/fonts/type1/public/amsfonts/cm/cmr10.pfb></usr/local/texlive/
2015/texmf-dist/fonts/type1/public/amsfonts/cm/cmr12.pfb></usr/local/texlive/20
15/texmf-dist/fonts/type1/public/amsfonts/cm/cmr17.pfb></usr/local/texlive/2015
/texmf-dist/fonts/type1/public/amsfonts/cm/cmsy10.pfb>
Output written on proj3.pdf (7 pages, 871578 bytes).
PDF statistics:
 88 PDF objects out of 1000 (max. 8388607)
 33 compressed objects within 1 object stream
 0 named destinations out of 1000 (max. 500000)
 111 words of extra memory for PDF output out of 10000 (max. 10000000)

