This is pdfTeX, Version 3.14159265-2.6-1.40.16 (TeX Live 2015) (preloaded format=pdflatex 2015.5.24)  18 JAN 2016 19:44
entering extended mode
 restricted \write18 enabled.
 file:line:error style messages enabled.
 %&-line parsing enabled.
**proj1.tex
(./proj1.tex
LaTeX2e <2015/01/01>
Babel <3.9l> and hyphenation patterns for 79 languages loaded.
(/usr/local/texlive/2015/texmf-dist/tex/latex/base/article.cls
Document Class: article 2014/09/29 v1.4h Standard LaTeX document class
(/usr/local/texlive/2015/texmf-dist/tex/latex/base/size11.clo
File: size11.clo 2014/09/29 v1.4h Standard LaTeX file (size option)
)
\c@part=\count79
\c@section=\count80
\c@subsection=\count81
\c@subsubsection=\count82
\c@paragraph=\count83
\c@subparagraph=\count84
\c@figure=\count85
\c@table=\count86
\abovecaptionskip=\skip41
\belowcaptionskip=\skip42
\bibindent=\dimen102
)
(/usr/local/texlive/2015/texmf-dist/tex/latex/geometry/geometry.sty
Package: geometry 2010/09/12 v5.6 Page Geometry

(/usr/local/texlive/2015/texmf-dist/tex/latex/graphics/keyval.sty
Package: keyval 2014/10/28 v1.15 key=value parser (DPC)
\KV@toks@=\toks14
)
(/usr/local/texlive/2015/texmf-dist/tex/generic/oberdiek/ifpdf.sty
Package: ifpdf 2011/01/30 v2.3 Provides the ifpdf switch (HO)
Package ifpdf Info: pdfTeX in PDF mode is detected.
)
(/usr/local/texlive/2015/texmf-dist/tex/generic/oberdiek/ifvtex.sty
Package: ifvtex 2010/03/01 v1.5 Detect VTeX and its facilities (HO)
Package ifvtex Info: VTeX not detected.
)
(/usr/local/texlive/2015/texmf-dist/tex/generic/ifxetex/ifxetex.sty
Package: ifxetex 2010/09/12 v0.6 Provides ifxetex conditional
)
\Gm@cnth=\count87
\Gm@cntv=\count88
\c@Gm@tempcnt=\count89
\Gm@bindingoffset=\dimen103
\Gm@wd@mp=\dimen104
\Gm@odd@mp=\dimen105
\Gm@even@mp=\dimen106
\Gm@layoutwidth=\dimen107
\Gm@layoutheight=\dimen108
\Gm@layouthoffset=\dimen109
\Gm@layoutvoffset=\dimen110
\Gm@dimlist=\toks15
)
(/usr/local/texlive/2015/texmf-dist/tex/latex/graphics/graphicx.sty
Package: graphicx 2014/10/28 v1.0g Enhanced LaTeX Graphics (DPC,SPQR)

(/usr/local/texlive/2015/texmf-dist/tex/latex/graphics/graphics.sty
Package: graphics 2014/10/28 v1.0p Standard LaTeX Graphics (DPC,SPQR)

(/usr/local/texlive/2015/texmf-dist/tex/latex/graphics/trig.sty
Package: trig 1999/03/16 v1.09 sin cos tan (DPC)
)
(/usr/local/texlive/2015/texmf-dist/tex/latex/latexconfig/graphics.cfg
File: graphics.cfg 2010/04/23 v1.9 graphics configuration of TeX Live
)
Package graphics Info: Driver file: pdftex.def on input line 94.

(/usr/local/texlive/2015/texmf-dist/tex/latex/pdftex-def/pdftex.def
File: pdftex.def 2011/05/27 v0.06d Graphics/color for pdfTeX

(/usr/local/texlive/2015/texmf-dist/tex/generic/oberdiek/infwarerr.sty
Package: infwarerr 2010/04/08 v1.3 Providing info/warning/error messages (HO)
)
(/usr/local/texlive/2015/texmf-dist/tex/generic/oberdiek/ltxcmds.sty
Package: ltxcmds 2011/11/09 v1.22 LaTeX kernel commands for general use (HO)
)
\Gread@gobject=\count90
))
\Gin@req@height=\dimen111
\Gin@req@width=\dimen112
)
(/usr/local/texlive/2015/texmf-dist/tex/latex/amsfonts/amssymb.sty
Package: amssymb 2013/01/14 v3.01 AMS font symbols

(/usr/local/texlive/2015/texmf-dist/tex/latex/amsfonts/amsfonts.sty
Package: amsfonts 2013/01/14 v3.01 Basic AMSFonts support
\@emptytoks=\toks16
\symAMSa=\mathgroup4
\symAMSb=\mathgroup5
LaTeX Font Info:    Overwriting math alphabet `\mathfrak' in version `bold'
(Font)                  U/euf/m/n --> U/euf/b/n on input line 106.
))
(/usr/local/texlive/2015/texmf-dist/tex/latex/amsmath/amsmath.sty
Package: amsmath 2013/01/14 v2.14 AMS math features
\@mathmargin=\skip43

For additional information on amsmath, use the `?' option.
(/usr/local/texlive/2015/texmf-dist/tex/latex/amsmath/amstext.sty
Package: amstext 2000/06/29 v2.01

(/usr/local/texlive/2015/texmf-dist/tex/latex/amsmath/amsgen.sty
File: amsgen.sty 1999/11/30 v2.0
\@emptytoks=\toks17
\ex@=\dimen113
))
(/usr/local/texlive/2015/texmf-dist/tex/latex/amsmath/amsbsy.sty
Package: amsbsy 1999/11/29 v1.2d
\pmbraise@=\dimen114
)
(/usr/local/texlive/2015/texmf-dist/tex/latex/amsmath/amsopn.sty
Package: amsopn 1999/12/14 v2.01 operator names
)
\inf@bad=\count91
LaTeX Info: Redefining \frac on input line 210.
\uproot@=\count92
\leftroot@=\count93
LaTeX Info: Redefining \overline on input line 306.
\classnum@=\count94
\DOTSCASE@=\count95
LaTeX Info: Redefining \ldots on input line 378.
LaTeX Info: Redefining \dots on input line 381.
LaTeX Info: Redefining \cdots on input line 466.
\Mathstrutbox@=\box26
\strutbox@=\box27
\big@size=\dimen115
LaTeX Font Info:    Redeclaring font encoding OML on input line 566.
LaTeX Font Info:    Redeclaring font encoding OMS on input line 567.
\macc@depth=\count96
\c@MaxMatrixCols=\count97
\dotsspace@=\muskip10
\c@parentequation=\count98
\dspbrk@lvl=\count99
\tag@help=\toks18
\row@=\count100
\column@=\count101
\maxfields@=\count102
\andhelp@=\toks19
\eqnshift@=\dimen116
\alignsep@=\dimen117
\tagshift@=\dimen118
\tagwidth@=\dimen119
\totwidth@=\dimen120
\lineht@=\dimen121
\@envbody=\toks20
\multlinegap=\skip44
\multlinetaggap=\skip45
\mathdisplay@stack=\toks21
LaTeX Info: Redefining \[ on input line 2665.
LaTeX Info: Redefining \] on input line 2666.
)
(/usr/local/texlive/2015/texmf-dist/tex/latex/enumitem/enumitem.sty
Package: enumitem 2011/09/28 v3.5.2 Customized lists
\labelindent=\skip46
\enit@outerparindent=\dimen122
\enit@toks=\toks22
\enit@inbox=\box28
\enitdp@description=\count103
)
(/usr/local/texlive/2015/texmf-dist/tex/latex/caption/caption.sty
Package: caption 2013/05/02 v3.3-89 Customizing captions (AR)

(/usr/local/texlive/2015/texmf-dist/tex/latex/caption/caption3.sty
Package: caption3 2013/05/02 v1.6-88 caption3 kernel (AR)
Package caption3 Info: TeX engine: e-TeX on input line 57.
\captionmargin=\dimen123
\captionmargin@=\dimen124
\captionwidth=\dimen125
\caption@tempdima=\dimen126
\caption@indent=\dimen127
\caption@parindent=\dimen128
\caption@hangindent=\dimen129
)
\c@ContinuedFloat=\count104
)
(/usr/local/texlive/2015/texmf-dist/tex/latex/caption/subcaption.sty
Package: subcaption 2013/02/03 v1.1-62 Sub-captions (AR)
\c@subfigure=\count105
\c@subtable=\count106
)
(/usr/local/texlive/2015/texmf-dist/tex/latex/multirow/multirow.sty
\bigstrutjot=\dimen130
)
(/usr/local/texlive/2015/texmf-dist/tex/latex/tools/array.sty
Package: array 2014/10/28 v2.4c Tabular extension package (FMi)
\col@sep=\dimen131
\extrarowheight=\dimen132
\NC@list=\toks23
\extratabsurround=\skip47
\backup@length=\skip48
)
(/usr/local/texlive/2015/texmf-dist/tex/latex/float/float.sty
Package: float 2001/11/08 v1.3d Float enhancements (AL)
\c@float@type=\count107
\float@exts=\toks24
\float@box=\box29
\@float@everytoks=\toks25
\@floatcapt=\box30
) (./proj1.aux)
\openout1 = `proj1.aux'.

LaTeX Font Info:    Checking defaults for OML/cmm/m/it on input line 27.
LaTeX Font Info:    ... okay on input line 27.
LaTeX Font Info:    Checking defaults for T1/cmr/m/n on input line 27.
LaTeX Font Info:    ... okay on input line 27.
LaTeX Font Info:    Checking defaults for OT1/cmr/m/n on input line 27.
LaTeX Font Info:    ... okay on input line 27.
LaTeX Font Info:    Checking defaults for OMS/cmsy/m/n on input line 27.
LaTeX Font Info:    ... okay on input line 27.
LaTeX Font Info:    Checking defaults for OMX/cmex/m/n on input line 27.
LaTeX Font Info:    ... okay on input line 27.
LaTeX Font Info:    Checking defaults for U/cmr/m/n on input line 27.
LaTeX Font Info:    ... okay on input line 27.

*geometry* driver: auto-detecting
*geometry* detected driver: pdftex
*geometry* verbose mode - [ preamble ] result:
* driver: pdftex
* paper: letterpaper
* layout: <same size as paper>
* layoutoffset:(h,v)=(0.0pt,0.0pt)
* modes: 
* h-part:(L,W,R)=(92.14519pt, 430.00462pt, 92.14519pt)
* v-part:(T,H,B)=(95.39737pt, 556.47656pt, 143.09605pt)
* \paperwidth=614.295pt
* \paperheight=794.96999pt
* \textwidth=430.00462pt
* \textheight=556.47656pt
* \oddsidemargin=19.8752pt
* \evensidemargin=19.8752pt
* \topmargin=-13.87262pt
* \headheight=12.0pt
* \headsep=25.0pt
* \topskip=11.0pt
* \footskip=30.0pt
* \marginparwidth=59.0pt
* \marginparsep=10.0pt
* \columnsep=10.0pt
* \skip\footins=10.0pt plus 4.0pt minus 2.0pt
* \hoffset=0.0pt
* \voffset=0.0pt
* \mag=1000
* \@twocolumnfalse
* \@twosidefalse
* \@mparswitchfalse
* \@reversemarginfalse
* (1in=72.27pt=25.4mm, 1cm=28.453pt)

(/usr/local/texlive/2015/texmf-dist/tex/context/base/supp-pdf.mkii
[Loading MPS to PDF converter (version 2006.09.02).]
\scratchcounter=\count108
\scratchdimen=\dimen133
\scratchbox=\box31
\nofMPsegments=\count109
\nofMParguments=\count110
\everyMPshowfont=\toks26
\MPscratchCnt=\count111
\MPscratchDim=\dimen134
\MPnumerator=\count112
\makeMPintoPDFobject=\count113
\everyMPtoPDFconversion=\toks27
) (/usr/local/texlive/2015/texmf-dist/tex/generic/oberdiek/pdftexcmds.sty
Package: pdftexcmds 2011/11/29 v0.20 Utility functions of pdfTeX for LuaTeX (HO
)

(/usr/local/texlive/2015/texmf-dist/tex/generic/oberdiek/ifluatex.sty
Package: ifluatex 2010/03/01 v1.3 Provides the ifluatex switch (HO)
Package ifluatex Info: LuaTeX not detected.
)
Package pdftexcmds Info: LuaTeX not detected.
Package pdftexcmds Info: \pdf@primitive is available.
Package pdftexcmds Info: \pdf@ifprimitive is available.
Package pdftexcmds Info: \pdfdraftmode found.
)
(/usr/local/texlive/2015/texmf-dist/tex/latex/oberdiek/epstopdf-base.sty
Package: epstopdf-base 2010/02/09 v2.5 Base part for package epstopdf

(/usr/local/texlive/2015/texmf-dist/tex/latex/oberdiek/grfext.sty
Package: grfext 2010/08/19 v1.1 Manage graphics extensions (HO)

(/usr/local/texlive/2015/texmf-dist/tex/generic/oberdiek/kvdefinekeys.sty
Package: kvdefinekeys 2011/04/07 v1.3 Define keys (HO)
))
(/usr/local/texlive/2015/texmf-dist/tex/latex/oberdiek/kvoptions.sty
Package: kvoptions 2011/06/30 v3.11 Key value format for package options (HO)

(/usr/local/texlive/2015/texmf-dist/tex/generic/oberdiek/kvsetkeys.sty
Package: kvsetkeys 2012/04/25 v1.16 Key value parser (HO)

(/usr/local/texlive/2015/texmf-dist/tex/generic/oberdiek/etexcmds.sty
Package: etexcmds 2011/02/16 v1.5 Avoid name clashes with e-TeX commands (HO)
Package etexcmds Info: Could not find \expanded.
(etexcmds)             That can mean that you are not using pdfTeX 1.50 or
(etexcmds)             that some package has redefined \expanded.
(etexcmds)             In the latter case, load this package earlier.
)))
Package grfext Info: Graphics extension search list:
(grfext)             [.png,.pdf,.jpg,.mps,.jpeg,.jbig2,.jb2,.PNG,.PDF,.JPG,.JPE
G,.JBIG2,.JB2,.eps]
(grfext)             \AppendGraphicsExtensions on input line 452.

(/usr/local/texlive/2015/texmf-dist/tex/latex/latexconfig/epstopdf-sys.cfg
File: epstopdf-sys.cfg 2010/07/13 v1.3 Configuration of (r)epstopdf for TeX Liv
e
))
Package caption Info: Begin \AtBeginDocument code.
Package caption Info: float package is loaded.
Package caption Info: End \AtBeginDocument code.
LaTeX Font Info:    Try loading font information for U+msa on input line 28.

(/usr/local/texlive/2015/texmf-dist/tex/latex/amsfonts/umsa.fd
File: umsa.fd 2013/01/14 v3.01 AMS symbols A
)
LaTeX Font Info:    Try loading font information for U+msb on input line 28.

(/usr/local/texlive/2015/texmf-dist/tex/latex/amsfonts/umsb.fd
File: umsb.fd 2013/01/14 v3.01 AMS symbols B
)
Package epstopdf Info: Source file: <step1234.eps>
(epstopdf)                    date: 2016-01-17 23:16:47
(epstopdf)                    size: 19401 bytes
(epstopdf)             Output file: <step1234-eps-converted-to.pdf>
(epstopdf)                    date: 2016-01-17 23:18:49
(epstopdf)                    size: 7437 bytes
(epstopdf)             Command: <repstopdf --outfile=step1234-eps-converted-to.
pdf step1234.eps>
(epstopdf)             \includegraphics on input line 36.
Package epstopdf Info: Output file is already uptodate.

<step1234-eps-converted-to.pdf, id=1, 968.61874pt x 583.17876pt>
File: step1234-eps-converted-to.pdf Graphic file (type pdf)

<use step1234-eps-converted-to.pdf>
Package pdftex.def Info: step1234-eps-converted-to.pdf used on input line 36.
(pdftex.def)             Requested size: 387.00153pt x 233.00041pt.
Package epstopdf Info: Source file: <step1234log.eps>
(epstopdf)                    date: 2016-01-17 23:16:48
(epstopdf)                    size: 19397 bytes
(epstopdf)             Output file: <step1234log-eps-converted-to.pdf>
(epstopdf)                    date: 2016-01-17 23:23:53
(epstopdf)                    size: 7689 bytes
(epstopdf)             Command: <repstopdf --outfile=step1234log-eps-converted-
to.pdf step1234log.eps>
(epstopdf)             \includegraphics on input line 42.
Package epstopdf Info: Output file is already uptodate.

<step1234log-eps-converted-to.pdf, id=2, 973.6375pt x 585.18625pt>
File: step1234log-eps-converted-to.pdf Graphic file (type pdf)

<use step1234log-eps-converted-to.pdf>
Package pdftex.def Info: step1234log-eps-converted-to.pdf used on input line 42
.
(pdftex.def)             Requested size: 387.00153pt x 232.59703pt.
 [1

{/usr/local/texlive/2015/texmf-var/fonts/map/pdftex/updmap/pdftex.map} <./step1
234-eps-converted-to.pdf>]
Package epstopdf Info: Source file: <step5.eps>
(epstopdf)                    date: 2016-01-17 23:16:49
(epstopdf)                    size: 20585 bytes
(epstopdf)             Output file: <step5-eps-converted-to.pdf>
(epstopdf)                    date: 2016-01-18 08:58:19
(epstopdf)                    size: 7801 bytes
(epstopdf)             Command: <repstopdf --outfile=step5-eps-converted-to.pdf
 step5.eps>
(epstopdf)             \includegraphics on input line 53.
Package epstopdf Info: Output file is already uptodate.

<step5-eps-converted-to.pdf, id=17, 968.61874pt x 582.175pt>
File: step5-eps-converted-to.pdf Graphic file (type pdf)

<use step5-eps-converted-to.pdf>
Package pdftex.def Info: step5-eps-converted-to.pdf used on input line 53.
(pdftex.def)             Requested size: 387.00153pt x 232.59938pt.
Package epstopdf Info: Source file: <step5log.eps>
(epstopdf)                    date: 2016-01-17 23:16:49
(epstopdf)                    size: 26948 bytes
(epstopdf)             Output file: <step5log-eps-converted-to.pdf>
(epstopdf)                    date: 2016-01-18 08:58:20
(epstopdf)                    size: 8672 bytes
(epstopdf)             Command: <repstopdf --outfile=step5log-eps-converted-to.
pdf step5log.eps>
(epstopdf)             \includegraphics on input line 59.
Package epstopdf Info: Output file is already uptodate.

<step5log-eps-converted-to.pdf, id=18, 966.61125pt x 585.18625pt>
File: step5log-eps-converted-to.pdf Graphic file (type pdf)

<use step5log-eps-converted-to.pdf>
Package pdftex.def Info: step5log-eps-converted-to.pdf used on input line 59.
(pdftex.def)             Requested size: 387.00153pt x 234.29358pt.
 [2 <./step1234log-eps-converted-to.pdf>]
Package epstopdf Info: Source file: <step6124.eps>
(epstopdf)                    date: 2016-01-17 23:16:50
(epstopdf)                    size: 17439 bytes
(epstopdf)             Output file: <step6124-eps-converted-to.pdf>
(epstopdf)                    date: 2016-01-18 08:58:20
(epstopdf)                    size: 7314 bytes
(epstopdf)             Command: <repstopdf --outfile=step6124-eps-converted-to.
pdf step6124.eps>
(epstopdf)             \includegraphics on input line 67.
Package epstopdf Info: Output file is already uptodate.

<step6124-eps-converted-to.pdf, id=29, 977.6525pt x 583.17876pt>
File: step6124-eps-converted-to.pdf Graphic file (type pdf)

<use step6124-eps-converted-to.pdf>
Package pdftex.def Info: step6124-eps-converted-to.pdf used on input line 67.
(pdftex.def)             Requested size: 387.00153pt x 230.85585pt.
 [3 <./step5-eps-converted-to.pdf> <./step5log-eps-converted-to.pdf>]
Package epstopdf Info: Source file: <step6124log.eps>
(epstopdf)                    date: 2016-01-17 23:16:51
(epstopdf)                    size: 20156 bytes
(epstopdf)             Output file: <step6124log-eps-converted-to.pdf>
(epstopdf)                    date: 2016-01-18 08:58:20
(epstopdf)                    size: 7450 bytes
(epstopdf)             Command: <repstopdf --outfile=step6124log-eps-converted-
to.pdf step6124log.eps>
(epstopdf)             \includegraphics on input line 73.
Package epstopdf Info: Output file is already uptodate.

<step6124log-eps-converted-to.pdf, id=43, 966.61125pt x 585.18625pt>
File: step6124log-eps-converted-to.pdf Graphic file (type pdf)

<use step6124log-eps-converted-to.pdf>
Package pdftex.def Info: step6124log-eps-converted-to.pdf used on input line 73
.
(pdftex.def)             Requested size: 387.00153pt x 234.29358pt.
 [4 <./step6124-eps-converted-to.pdf>]
Package epstopdf Info: Source file: <step65.eps>
(epstopdf)                    date: 2016-01-17 23:16:52
(epstopdf)                    size: 19243 bytes
(epstopdf)             Output file: <step65-eps-converted-to.pdf>
(epstopdf)                    date: 2016-01-18 08:58:21
(epstopdf)                    size: 7556 bytes
(epstopdf)             Command: <repstopdf --outfile=step65-eps-converted-to.pd
f step65.eps>
(epstopdf)             \includegraphics on input line 81.
Package epstopdf Info: Output file is already uptodate.

<step65-eps-converted-to.pdf, id=52, 968.61874pt x 583.17876pt>
File: step65-eps-converted-to.pdf Graphic file (type pdf)

<use step65-eps-converted-to.pdf>
Package pdftex.def Info: step65-eps-converted-to.pdf used on input line 81.
(pdftex.def)             Requested size: 387.00153pt x 233.00041pt.
Package epstopdf Info: Source file: <step65log.eps>
(epstopdf)                    date: 2016-01-17 23:16:52
(epstopdf)                    size: 27411 bytes
(epstopdf)             Output file: <step65log-eps-converted-to.pdf>
(epstopdf)                    date: 2016-01-18 08:58:21
(epstopdf)                    size: 8590 bytes
(epstopdf)             Command: <repstopdf --outfile=step65log-eps-converted-to
.pdf step65log.eps>
(epstopdf)             \includegraphics on input line 87.
Package epstopdf Info: Output file is already uptodate.

<step65log-eps-converted-to.pdf, id=53, 966.61125pt x 585.18625pt>
File: step65log-eps-converted-to.pdf Graphic file (type pdf)

<use step65log-eps-converted-to.pdf>
Package pdftex.def Info: step65log-eps-converted-to.pdf used on input line 87.
(pdftex.def)             Requested size: 387.00153pt x 234.29358pt.
 [5 <./step6124log-eps-converted-to.pdf>]
Package epstopdf Info: Source file: <add.eps>
(epstopdf)                    date: 2016-01-17 23:16:53
(epstopdf)                    size: 16507 bytes
(epstopdf)             Output file: <add-eps-converted-to.pdf>
(epstopdf)                    date: 2016-01-18 09:35:37
(epstopdf)                    size: 6711 bytes
(epstopdf)             Command: <repstopdf --outfile=add-eps-converted-to.pdf a
dd.eps>
(epstopdf)             \includegraphics on input line 95.
Package epstopdf Info: Output file is already uptodate.

<add-eps-converted-to.pdf, id=62, 968.61874pt x 583.17876pt>
File: add-eps-converted-to.pdf Graphic file (type pdf)

<use add-eps-converted-to.pdf>
Package pdftex.def Info: add-eps-converted-to.pdf used on input line 95.
(pdftex.def)             Requested size: 387.00153pt x 233.00041pt.
 [6 <./step65-eps-converted-to.pdf> <./step65log-eps-converted-to.pdf>]
Package epstopdf Info: Source file: <addlog.eps>
(epstopdf)                    date: 2016-01-17 23:16:54
(epstopdf)                    size: 17511 bytes
(epstopdf)             Output file: <addlog-eps-converted-to.pdf>
(epstopdf)                    date: 2016-01-18 09:35:37
(epstopdf)                    size: 7237 bytes
(epstopdf)             Command: <repstopdf --outfile=addlog-eps-converted-to.pd
f addlog.eps>
(epstopdf)             \includegraphics on input line 101.
Package epstopdf Info: Output file is already uptodate.

<addlog-eps-converted-to.pdf, id=76, 973.6375pt x 585.18625pt>
File: addlog-eps-converted-to.pdf Graphic file (type pdf)

<use addlog-eps-converted-to.pdf>
Package pdftex.def Info: addlog-eps-converted-to.pdf used on input line 101.
(pdftex.def)             Requested size: 387.00153pt x 232.59703pt.
 [7 <./add-eps-converted-to.pdf>]
Package epstopdf Info: Source file: <Af.eps>
(epstopdf)                    date: 2016-01-18 19:40:13
(epstopdf)                    size: 54373 bytes
(epstopdf)             Output file: <Af-eps-converted-to.pdf>
(epstopdf)                    date: 2016-01-18 19:40:20
(epstopdf)                    size: 21388 bytes
(epstopdf)             Command: <repstopdf --outfile=Af-eps-converted-to.pdf Af
.eps>
(epstopdf)             \includegraphics on input line 122.
Package epstopdf Info: Output file is already uptodate.

<Af-eps-converted-to.pdf, id=86, 949.5475pt x 583.17876pt>
File: Af-eps-converted-to.pdf Graphic file (type pdf)

<use Af-eps-converted-to.pdf>
Package pdftex.def Info: Af-eps-converted-to.pdf used on input line 122.
(pdftex.def)             Requested size: 387.00153pt x 237.68106pt.
 [8 <./addlog-eps-converted-to.pdf>]
Package epstopdf Info: Source file: <Sf.eps>
(epstopdf)                    date: 2016-01-18 19:40:14
(epstopdf)                    size: 94222 bytes
(epstopdf)             Output file: <Sf-eps-converted-to.pdf>
(epstopdf)                    date: 2016-01-18 19:40:20
(epstopdf)                    size: 13490 bytes
(epstopdf)             Command: <repstopdf --outfile=Sf-eps-converted-to.pdf Sf
.eps>
(epstopdf)             \includegraphics on input line 128.
Package epstopdf Info: Output file is already uptodate.

<Sf-eps-converted-to.pdf, id=98, 959.585pt x 596.2275pt>
File: Sf-eps-converted-to.pdf Graphic file (type pdf)

<use Sf-eps-converted-to.pdf>
Package pdftex.def Info: Sf-eps-converted-to.pdf used on input line 128.
(pdftex.def)             Requested size: 387.00153pt x 240.46097pt.
 [9 <./Af-eps-converted-to.pdf>]
Package epstopdf Info: Source file: <prob3.eps>
(epstopdf)                    date: 2016-01-17 22:23:59
(epstopdf)                    size: 108470 bytes
(epstopdf)             Output file: <prob3-eps-converted-to.pdf>
(epstopdf)                    date: 2016-01-17 22:25:01
(epstopdf)                    size: 31467 bytes
(epstopdf)             Command: <repstopdf --outfile=prob3-eps-converted-to.pdf
 prob3.eps>
(epstopdf)             \includegraphics on input line 138.
Package epstopdf Info: Output file is already uptodate.

<prob3-eps-converted-to.pdf, id=107, 871.255pt x 554.07pt>
File: prob3-eps-converted-to.pdf Graphic file (type pdf)

<use prob3-eps-converted-to.pdf>
Package pdftex.def Info: prob3-eps-converted-to.pdf used on input line 138.
(pdftex.def)             Requested size: 387.00153pt x 246.10806pt.
 [10 <./Sf-eps-converted-to.pdf>] [11 <./prob3-eps-converted-to.pdf>] (./proj1.
aux) ) 
Here is how much of TeX's memory you used:
 4411 strings out of 493089
 66365 string characters out of 6134842
 135053 words of memory out of 5000000
 7815 multiletter control sequences out of 15000+600000
 10440 words of font info for 40 fonts, out of 8000000 for 9000
 1141 hyphenation exceptions out of 8191
 38i,8n,38p,519b,389s stack positions out of 5000i,500n,10000p,200000b,80000s
</usr/local/texlive/2015/texmf-dist/fonts/type1/public/amsfonts/cm/cmbx10
.pfb></usr/local/texlive/2015/texmf-dist/fonts/type1/public/amsfonts/cm/cmex10.
pfb></usr/local/texlive/2015/texmf-dist/fonts/type1/public/amsfonts/cm/cmmi10.p
fb></usr/local/texlive/2015/texmf-dist/fonts/type1/public/amsfonts/cm/cmmi8.pfb
></usr/local/texlive/2015/texmf-dist/fonts/type1/public/amsfonts/cm/cmr10.pfb><
/usr/local/texlive/2015/texmf-dist/fonts/type1/public/amsfonts/cm/cmr12.pfb></u
sr/local/texlive/2015/texmf-dist/fonts/type1/public/amsfonts/cm/cmr17.pfb></usr
/local/texlive/2015/texmf-dist/fonts/type1/public/amsfonts/cm/cmr8.pfb></usr/lo
cal/texlive/2015/texmf-dist/fonts/type1/public/amsfonts/cm/cmsy10.pfb>
Output written on proj1.pdf (11 pages, 203491 bytes).
PDF statistics:
 165 PDF objects out of 1000 (max. 8388607)
 108 compressed objects within 2 object streams
 0 named destinations out of 1000 (max. 500000)
 66 words of extra memory for PDF output out of 10000 (max. 10000000)

